# JRE version: Java(TM) SE Runtime Environment (8.0_05-b13) (build 1.8.0_05-b13)
# Java VM: Java HotSpot(TM) 64-Bit Server VM (25.5-b02 mixed mode windows-amd64 compressed oops)
Heap:
 PSYoungGen      total 11776K, used 11443K [0x00000000eab00000, 0x00000000ebf00000, 0x0000000100000000)
  eden space 10752K, 97% used [0x00000000eab00000,0x00000000eb534f70,0x00000000eb580000)
  from space 1024K, 96% used [0x00000000eb580000,0x00000000eb678010,0x00000000eb680000)
  to   space 1536K, 0% used [0x00000000ebd80000,0x00000000ebd80000,0x00000000ebf00000)
 ParOldGen       total 64000K, used 2721K [0x00000000c0000000, 0x00000000c3e80000, 0x00000000eab00000)
  object space 64000K, 4% used [0x00000000c0000000,0x00000000c02a86c8,0x00000000c3e80000)
 Metaspace       used 8289K, capacity 8436K, committed 8704K, reserved 1056768K
  class space    used 1159K, capacity 1200K, committed 1280K, reserved 1048576K
GC Heap History (10 events):
Event: 1.235 GC heap before
{Heap before GC invocations=9 (full 0):
 PSYoungGen      total 5120K, used 4680K [0x00000000eab00000, 0x00000000eb100000, 0x0000000100000000)
  eden space 4096K, 100% used [0x00000000eab00000,0x00000000eaf00000,0x00000000eaf00000)
  from space 1024K, 57% used [0x00000000eb000000,0x00000000eb092100,0x00000000eb100000)
  to   space 1024K, 0% used [0x00000000eaf00000,0x00000000eaf00000,0x00000000eb000000)
 ParOldGen       total 64000K, used 930K [0x00000000c0000000, 0x00000000c3e80000, 0x00000000eab00000)
  object space 64000K, 1% used [0x00000000c0000000,0x00000000c00e8978,0x00000000c3e80000)
 Metaspace       used 4932K, capacity 5934K, committed 6016K, reserved 1056768K
  class space    used 611K, capacity 618K, committed 640K, reserved 1048576K
Event: 1.273 GC heap after
Heap after GC invocations=9 (full 0):
 PSYoungGen      total 5120K, used 876K [0x00000000eab00000, 0x00000000eb380000, 0x0000000100000000)
  eden space 4096K, 0% used [0x00000000eab00000,0x00000000eab00000,0x00000000eaf00000)
  from space 1024K, 85% used [0x00000000eaf00000,0x00000000eafdb0c8,0x00000000eb000000)
  to   space 1024K, 0% used [0x00000000eb280000,0x00000000eb280000,0x00000000eb380000)
 ParOldGen       total 64000K, used 970K [0x00000000c0000000, 0x00000000c3e80000, 0x00000000eab00000)
  object space 64000K, 1% used [0x00000000c0000000,0x00000000c00f2978,0x00000000c3e80000)
 Metaspace       used 4932K, capacity 5934K, committed 6016K, reserved 1056768K
  class space    used 611K, capacity 618K, committed 640K, reserved 1048576K
}
Event: 1.492 GC heap before
{Heap before GC invocations=10 (full 0):
 PSYoungGen      total 5120K, used 4972K [0x00000000eab00000, 0x00000000eb380000, 0x0000000100000000)
  eden space 4096K, 100% used [0x00000000eab00000,0x00000000eaf00000,0x00000000eaf00000)
  from space 1024K, 85% used [0x00000000eaf00000,0x00000000eafdb0c8,0x00000000eb000000)
  to   space 1024K, 0% used [0x00000000eb280000,0x00000000eb280000,0x00000000eb380000)
 ParOldGen       total 64000K, used 970K [0x00000000c0000000, 0x00000000c3e80000, 0x00000000eab00000)
  object space 64000K, 1% used [0x00000000c0000000,0x00000000c00f2978,0x00000000c3e80000)
 Metaspace       used 5333K, capacity 6228K, committed 6400K, reserved 1056768K
  class space    used 700K, capacity 720K, committed 768K, reserved 1048576K
Event: 1.496 GC heap after
Heap after GC invocations=10 (full 0):
 PSYoungGen      total 7680K, used 934K [0x00000000eab00000, 0x00000000eb380000, 0x0000000100000000)
  eden space 6656K, 0% used [0x00000000eab00000,0x00000000eab00000,0x00000000eb180000)
  from space 1024K, 91% used [0x00000000eb280000,0x00000000eb369900,0x00000000eb380000)
  to   space 1024K, 0% used [0x00000000eb180000,0x00000000eb180000,0x00000000eb280000)
 ParOldGen       total 64000K, used 1138K [0x00000000c0000000, 0x00000000c3e80000, 0x00000000eab00000)
  object space 64000K, 1% used [0x00000000c0000000,0x00000000c011c978,0x00000000c3e80000)
 Metaspace       used 5333K, capacity 6228K, committed 6400K, reserved 1056768K
  class space    used 700K, capacity 720K, committed 768K, reserved 1048576K
}
Event: 1.813 GC heap before
{Heap before GC invocations=11 (full 0):
 PSYoungGen      total 7680K, used 7590K [0x00000000eab00000, 0x00000000eb380000, 0x0000000100000000)
  eden space 6656K, 100% used [0x00000000eab00000,0x00000000eb180000,0x00000000eb180000)
  from space 1024K, 91% used [0x00000000eb280000,0x00000000eb369900,0x00000000eb380000)
  to   space 1024K, 0% used [0x00000000eb180000,0x00000000eb180000,0x00000000eb280000)
 ParOldGen       total 64000K, used 1138K [0x00000000c0000000, 0x00000000c3e80000, 0x00000000eab00000)
  object space 64000K, 1% used [0x00000000c0000000,0x00000000c011c978,0x00000000c3e80000)
 Metaspace       used 6392K, capacity 6772K, committed 7040K, reserved 1056768K
  class space    used 850K, capacity 880K, committed 896K, reserved 1048576K
Event: 1.845 GC heap after
Heap after GC invocations=11 (full 0):
 PSYoungGen      total 7680K, used 848K [0x00000000eab00000, 0x00000000eb780000, 0x0000000100000000)
  eden space 6656K, 0% used [0x00000000eab00000,0x00000000eab00000,0x00000000eb180000)
  from space 1024K, 82% used [0x00000000eb180000,0x00000000eb254158,0x00000000eb280000)
  to   space 1024K, 0% used [0x00000000eb680000,0x00000000eb680000,0x00000000eb780000)
 ParOldGen       total 64000K, used 1534K [0x00000000c0000000, 0x00000000c3e80000, 0x00000000eab00000)
  object space 64000K, 2% used [0x00000000c0000000,0x00000000c017f988,0x00000000c3e80000)
 Metaspace       used 6392K, capacity 6772K, committed 7040K, reserved 1056768K
  class space    used 850K, capacity 880K, committed 896K, reserved 1048576K
}
Event: 2.010 GC heap before
{Heap before GC invocations=12 (full 0):
 PSYoungGen      total 7680K, used 7504K [0x00000000eab00000, 0x00000000eb780000, 0x0000000100000000)
  eden space 6656K, 100% used [0x00000000eab00000,0x00000000eb180000,0x00000000eb180000)
  from space 1024K, 82% used [0x00000000eb180000,0x00000000eb254158,0x00000000eb280000)
  to   space 1024K, 0% used [0x00000000eb680000,0x00000000eb680000,0x00000000eb780000)
 ParOldGen       total 64000K, used 1534K [0x00000000c0000000, 0x00000000c3e80000, 0x00000000eab00000)
  object space 64000K, 2% used [0x00000000c0000000,0x00000000c017f988,0x00000000c3e80000)
 Metaspace       used 6816K, capacity 7220K, committed 7424K, reserved 1056768K
  class space    used 910K, capacity 944K, committed 1024K, reserved 1048576K
Event: 2.012 GC heap after
Heap after GC invocations=12 (full 0):
 PSYoungGen      total 11776K, used 424K [0x00000000eab00000, 0x00000000eb780000, 0x0000000100000000)
  eden space 10752K, 0% used [0x00000000eab00000,0x00000000eab00000,0x00000000eb580000)
  from space 1024K, 41% used [0x00000000eb680000,0x00000000eb6ea140,0x00000000eb780000)
  to   space 1024K, 0% used [0x00000000eb580000,0x00000000eb580000,0x00000000eb680000)
 ParOldGen       total 64000K, used 1878K [0x00000000c0000000, 0x00000000c3e80000, 0x00000000eab00000)
  object space 64000K, 2% used [0x00000000c0000000,0x00000000c01d59b8,0x00000000c3e80000)
 Metaspace       used 6816K, capacity 7220K, committed 7424K, reserved 1056768K
  class space    used 910K, capacity 944K, committed 1024K, reserved 1048576K
}
Event: 2.845 GC heap before
{Heap before GC invocations=13 (full 0):
 PSYoungGen      total 11776K, used 11176K [0x00000000eab00000, 0x00000000eb780000, 0x0000000100000000)
  eden space 10752K, 100% used [0x00000000eab00000,0x00000000eb580000,0x00000000eb580000)
  from space 1024K, 41% used [0x00000000eb680000,0x00000000eb6ea140,0x00000000eb780000)
  to   space 1024K, 0% used [0x00000000eb580000,0x00000000eb580000,0x00000000eb680000)
 ParOldGen       total 64000K, used 1878K [0x00000000c0000000, 0x00000000c3e80000, 0x00000000eab00000)
  object space 64000K, 2% used [0x00000000c0000000,0x00000000c01d59b8,0x00000000c3e80000)
 Metaspace       used 7756K, capacity 8084K, committed 8320K, reserved 1056768K
  class space    used 1088K, capacity 1104K, committed 1152K, reserved 1048576K
Event: 2.854 GC heap after
Heap after GC invocations=13 (full 0):
 PSYoungGen      total 11776K, used 992K [0x00000000eab00000, 0x00000000ebf00000, 0x0000000100000000)
  eden space 10752K, 0% used [0x00000000eab00000,0x00000000eab00000,0x00000000eb580000)
  from space 1024K, 96% used [0x00000000eb580000,0x00000000eb678010,0x00000000eb680000)
  to   space 1536K, 0% used [0x00000000ebd80000,0x00000000ebd80000,0x00000000ebf00000)
 ParOldGen       total 64000K, used 2721K [0x00000000c0000000, 0x00000000c3e80000, 0x00000000eab00000)
  object space 64000K, 4% used [0x00000000c0000000,0x00000000c02a86c8,0x00000000c3e80000)
 Metaspace       used 7756K, capacity 8084K, committed 8320K, reserved 1056768K
  class space    used 1088K, capacity 1104K, committed 1152K, reserved 1048576K
}

