# JRE version: Java(TM) SE Runtime Environment (8.0_05-b13) (build 1.8.0_05-b13)
# Java VM: Java HotSpot(TM) 64-Bit Server VM (25.5-b02 mixed mode windows-amd64 compressed oops)
Heap:
 PSYoungGen      total 14848K, used 7585K [0x00000000eab00000, 0x00000000ec500000, 0x0000000100000000)
  eden space 13312K, 45% used [0x00000000eab00000,0x00000000eb0e9838,0x00000000eb800000)
  from space 1536K, 99% used [0x00000000eb800000,0x00000000eb97efa0,0x00000000eb980000)
  to   space 2560K, 0% used [0x00000000ec280000,0x00000000ec280000,0x00000000ec500000)
 ParOldGen       total 64000K, used 2618K [0x00000000c0000000, 0x00000000c3e80000, 0x00000000eab00000)
  object space 64000K, 4% used [0x00000000c0000000,0x00000000c028eb40,0x00000000c3e80000)
 Metaspace       used 8193K, capacity 8404K, committed 8704K, reserved 1056768K
  class space    used 1149K, capacity 1168K, committed 1280K, reserved 1048576K
GC Heap History (10 events):
Event: 2.461 GC heap before
{Heap before GC invocations=7 (full 0):
 PSYoungGen      total 5120K, used 4897K [0x00000000eab00000, 0x00000000eb100000, 0x0000000100000000)
  eden space 4096K, 100% used [0x00000000eab00000,0x00000000eaf00000,0x00000000eaf00000)
  from space 1024K, 78% used [0x00000000eb000000,0x00000000eb0c8480,0x00000000eb100000)
  to   space 1024K, 0% used [0x00000000eaf00000,0x00000000eaf00000,0x00000000eb000000)
 ParOldGen       total 64000K, used 632K [0x00000000c0000000, 0x00000000c3e80000, 0x00000000eab00000)
  object space 64000K, 0% used [0x00000000c0000000,0x00000000c009e250,0x00000000c3e80000)
 Metaspace       used 4807K, capacity 5804K, committed 6016K, reserved 1056768K
  class space    used 587K, capacity 616K, committed 640K, reserved 1048576K
Event: 2.535 GC heap after
Heap after GC invocations=7 (full 0):
 PSYoungGen      total 5120K, used 1021K [0x00000000eab00000, 0x00000000eb600000, 0x0000000100000000)
  eden space 4096K, 0% used [0x00000000eab00000,0x00000000eab00000,0x00000000eaf00000)
  from space 1024K, 99% used [0x00000000eaf00000,0x00000000eafff498,0x00000000eb000000)
  to   space 1536K, 0% used [0x00000000eb480000,0x00000000eb480000,0x00000000eb600000)
 ParOldGen       total 64000K, used 997K [0x00000000c0000000, 0x00000000c3e80000, 0x00000000eab00000)
  object space 64000K, 1% used [0x00000000c0000000,0x00000000c00f9710,0x00000000c3e80000)
 Metaspace       used 4807K, capacity 5804K, committed 6016K, reserved 1056768K
  class space    used 587K, capacity 616K, committed 640K, reserved 1048576K
}
Event: 3.010 GC heap before
{Heap before GC invocations=8 (full 0):
 PSYoungGen      total 5120K, used 5117K [0x00000000eab00000, 0x00000000eb600000, 0x0000000100000000)
  eden space 4096K, 100% used [0x00000000eab00000,0x00000000eaf00000,0x00000000eaf00000)
  from space 1024K, 99% used [0x00000000eaf00000,0x00000000eafff498,0x00000000eb000000)
  to   space 1536K, 0% used [0x00000000eb480000,0x00000000eb480000,0x00000000eb600000)
 ParOldGen       total 64000K, used 997K [0x00000000c0000000, 0x00000000c3e80000, 0x00000000eab00000)
  object space 64000K, 1% used [0x00000000c0000000,0x00000000c00f9710,0x00000000c3e80000)
 Metaspace       used 5249K, capacity 6132K, committed 6400K, reserved 1056768K
  class space    used 668K, capacity 688K, committed 768K, reserved 1048576K
Event: 3.023 GC heap after
Heap after GC invocations=8 (full 0):
 PSYoungGen      total 9728K, used 1094K [0x00000000eab00000, 0x00000000eb600000, 0x0000000100000000)
  eden space 8192K, 0% used [0x00000000eab00000,0x00000000eab00000,0x00000000eb300000)
  from space 1536K, 71% used [0x00000000eb480000,0x00000000eb591900,0x00000000eb600000)
  to   space 1536K, 0% used [0x00000000eb300000,0x00000000eb300000,0x00000000eb480000)
 ParOldGen       total 64000K, used 1085K [0x00000000c0000000, 0x00000000c3e80000, 0x00000000eab00000)
  object space 64000K, 1% used [0x00000000c0000000,0x00000000c010f710,0x00000000c3e80000)
 Metaspace       used 5249K, capacity 6132K, committed 6400K, reserved 1056768K
  class space    used 668K, capacity 688K, committed 768K, reserved 1048576K
}
Event: 3.324 GC heap before
{Heap before GC invocations=9 (full 0):
 PSYoungGen      total 9728K, used 9286K [0x00000000eab00000, 0x00000000eb600000, 0x0000000100000000)
  eden space 8192K, 100% used [0x00000000eab00000,0x00000000eb300000,0x00000000eb300000)
  from space 1536K, 71% used [0x00000000eb480000,0x00000000eb591900,0x00000000eb600000)
  to   space 1536K, 0% used [0x00000000eb300000,0x00000000eb300000,0x00000000eb480000)
 ParOldGen       total 64000K, used 1085K [0x00000000c0000000, 0x00000000c3e80000, 0x00000000eab00000)
  object space 64000K, 1% used [0x00000000c0000000,0x00000000c010f710,0x00000000c3e80000)
 Metaspace       used 6440K, capacity 6772K, committed 7040K, reserved 1056768K
  class space    used 855K, capacity 880K, committed 896K, reserved 1048576K
Event: 3.412 GC heap after
Heap after GC invocations=9 (full 0):
 PSYoungGen      total 9728K, used 1477K [0x00000000eab00000, 0x00000000ebc00000, 0x0000000100000000)
  eden space 8192K, 0% used [0x00000000eab00000,0x00000000eab00000,0x00000000eb300000)
  from space 1536K, 96% used [0x00000000eb300000,0x00000000eb471690,0x00000000eb480000)
  to   space 2048K, 0% used [0x00000000eba00000,0x00000000eba00000,0x00000000ebc00000)
 ParOldGen       total 64000K, used 1221K [0x00000000c0000000, 0x00000000c3e80000, 0x00000000eab00000)
  object space 64000K, 1% used [0x00000000c0000000,0x00000000c0131710,0x00000000c3e80000)
 Metaspace       used 6440K, capacity 6772K, committed 7040K, reserved 1056768K
  class space    used 855K, capacity 880K, committed 896K, reserved 1048576K
}
Event: 3.685 GC heap before
{Heap before GC invocations=10 (full 0):
 PSYoungGen      total 9728K, used 9669K [0x00000000eab00000, 0x00000000ebc00000, 0x0000000100000000)
  eden space 8192K, 100% used [0x00000000eab00000,0x00000000eb300000,0x00000000eb300000)
  from space 1536K, 96% used [0x00000000eb300000,0x00000000eb471690,0x00000000eb480000)
  to   space 2048K, 0% used [0x00000000eba00000,0x00000000eba00000,0x00000000ebc00000)
 ParOldGen       total 64000K, used 1221K [0x00000000c0000000, 0x00000000c3e80000, 0x00000000eab00000)
  object space 64000K, 1% used [0x00000000c0000000,0x00000000c0131710,0x00000000c3e80000)
 Metaspace       used 6967K, capacity 7284K, committed 7424K, reserved 1056768K
  class space    used 932K, capacity 944K, committed 1024K, reserved 1048576K
Event: 3.700 GC heap after
Heap after GC invocations=10 (full 0):
 PSYoungGen      total 14336K, used 929K [0x00000000eab00000, 0x00000000ebb00000, 0x0000000100000000)
  eden space 13312K, 0% used [0x00000000eab00000,0x00000000eab00000,0x00000000eb800000)
  from space 1024K, 90% used [0x00000000eba00000,0x00000000ebae87e0,0x00000000ebb00000)
  to   space 1536K, 0% used [0x00000000eb800000,0x00000000eb800000,0x00000000eb980000)
 ParOldGen       total 64000K, used 1637K [0x00000000c0000000, 0x00000000c3e80000, 0x00000000eab00000)
  object space 64000K, 2% used [0x00000000c0000000,0x00000000c0199710,0x00000000c3e80000)
 Metaspace       used 6967K, capacity 7284K, committed 7424K, reserved 1056768K
  class space    used 932K, capacity 944K, committed 1024K, reserved 1048576K
}
Event: 4.971 GC heap before
{Heap before GC invocations=11 (full 0):
 PSYoungGen      total 14336K, used 14241K [0x00000000eab00000, 0x00000000ebb00000, 0x0000000100000000)
  eden space 13312K, 100% used [0x00000000eab00000,0x00000000eb800000,0x00000000eb800000)
  from space 1024K, 90% used [0x00000000eba00000,0x00000000ebae87e0,0x00000000ebb00000)
  to   space 1536K, 0% used [0x00000000eb800000,0x00000000eb800000,0x00000000eb980000)
 ParOldGen       total 64000K, used 1637K [0x00000000c0000000, 0x00000000c3e80000, 0x00000000eab00000)
  object space 64000K, 2% used [0x00000000c0000000,0x00000000c0199710,0x00000000c3e80000)
 Metaspace       used 7897K, capacity 8180K, committed 8320K, reserved 1056768K
  class space    used 1100K, capacity 1136K, committed 1152K, reserved 1048576K
Event: 4.997 GC heap after
Heap after GC invocations=11 (full 0):
 PSYoungGen      total 14848K, used 1531K [0x00000000eab00000, 0x00000000ec500000, 0x0000000100000000)
  eden space 13312K, 0% used [0x00000000eab00000,0x00000000eab00000,0x00000000eb800000)
  from space 1536K, 99% used [0x00000000eb800000,0x00000000eb97efa0,0x00000000eb980000)
  to   space 2560K, 0% used [0x00000000ec280000,0x00000000ec280000,0x00000000ec500000)
 ParOldGen       total 64000K, used 2618K [0x00000000c0000000, 0x00000000c3e80000, 0x00000000eab00000)
  object space 64000K, 4% used [0x00000000c0000000,0x00000000c028eb40,0x00000000c3e80000)
 Metaspace       used 7897K, capacity 8180K, committed 8320K, reserved 1056768K
  class space    used 1100K, capacity 1136K, committed 1152K, reserved 1048576K
}

