# JRE version: Java(TM) SE Runtime Environment (8.0_05-b13) (build 1.8.0_05-b13)
# Java VM: Java HotSpot(TM) 64-Bit Server VM (25.5-b02 mixed mode windows-amd64 compressed oops)
Heap:
 PSYoungGen      total 14848K, used 7461K [0x00000000eab00000, 0x00000000ec400000, 0x0000000100000000)
  eden space 13312K, 44% used [0x00000000eab00000,0x00000000eb0c95e8,0x00000000eb800000)
  from space 1536K, 100% used [0x00000000eb800000,0x00000000eb980000,0x00000000eb980000)
  to   space 2048K, 0% used [0x00000000ec200000,0x00000000ec200000,0x00000000ec400000)
 ParOldGen       total 64000K, used 2690K [0x00000000c0000000, 0x00000000c3e80000, 0x00000000eab00000)
  object space 64000K, 4% used [0x00000000c0000000,0x00000000c02a0b90,0x00000000c3e80000)
 Metaspace       used 8192K, capacity 8404K, committed 8704K, reserved 1056768K
  class space    used 1149K, capacity 1168K, committed 1280K, reserved 1048576K
GC Heap History (10 events):
Event: 1.306 GC heap before
{Heap before GC invocations=7 (full 0):
 PSYoungGen      total 5120K, used 4878K [0x00000000eab00000, 0x00000000eb100000, 0x0000000100000000)
  eden space 4096K, 99% used [0x00000000eab00000,0x00000000eaeff648,0x00000000eaf00000)
  from space 1024K, 76% used [0x00000000eb000000,0x00000000eb0c4470,0x00000000eb100000)
  to   space 1024K, 0% used [0x00000000eaf00000,0x00000000eaf00000,0x00000000eb000000)
 ParOldGen       total 64000K, used 704K [0x00000000c0000000, 0x00000000c3e80000, 0x00000000eab00000)
  object space 64000K, 1% used [0x00000000c0000000,0x00000000c00b0250,0x00000000c3e80000)
 Metaspace       used 4788K, capacity 5804K, committed 6016K, reserved 1056768K
  class space    used 588K, capacity 616K, committed 640K, reserved 1048576K
Event: 1.321 GC heap after
Heap after GC invocations=7 (full 0):
 PSYoungGen      total 5120K, used 1021K [0x00000000eab00000, 0x00000000eb600000, 0x0000000100000000)
  eden space 4096K, 0% used [0x00000000eab00000,0x00000000eab00000,0x00000000eaf00000)
  from space 1024K, 99% used [0x00000000eaf00000,0x00000000eafff498,0x00000000eb000000)
  to   space 1536K, 0% used [0x00000000eb480000,0x00000000eb480000,0x00000000eb600000)
 ParOldGen       total 64000K, used 1061K [0x00000000c0000000, 0x00000000c3e80000, 0x00000000eab00000)
  object space 64000K, 1% used [0x00000000c0000000,0x00000000c0109710,0x00000000c3e80000)
 Metaspace       used 4788K, capacity 5804K, committed 6016K, reserved 1056768K
  class space    used 588K, capacity 616K, committed 640K, reserved 1048576K
}
Event: 1.619 GC heap before
{Heap before GC invocations=8 (full 0):
 PSYoungGen      total 5120K, used 5117K [0x00000000eab00000, 0x00000000eb600000, 0x0000000100000000)
  eden space 4096K, 100% used [0x00000000eab00000,0x00000000eaf00000,0x00000000eaf00000)
  from space 1024K, 99% used [0x00000000eaf00000,0x00000000eafff498,0x00000000eb000000)
  to   space 1536K, 0% used [0x00000000eb480000,0x00000000eb480000,0x00000000eb600000)
 ParOldGen       total 64000K, used 1061K [0x00000000c0000000, 0x00000000c3e80000, 0x00000000eab00000)
  object space 64000K, 1% used [0x00000000c0000000,0x00000000c0109710,0x00000000c3e80000)
 Metaspace       used 5244K, capacity 6132K, committed 6400K, reserved 1056768K
  class space    used 669K, capacity 688K, committed 768K, reserved 1048576K
Event: 1.623 GC heap after
Heap after GC invocations=8 (full 0):
 PSYoungGen      total 9728K, used 1074K [0x00000000eab00000, 0x00000000eb600000, 0x0000000100000000)
  eden space 8192K, 0% used [0x00000000eab00000,0x00000000eab00000,0x00000000eb300000)
  from space 1536K, 69% used [0x00000000eb480000,0x00000000eb58cb50,0x00000000eb600000)
  to   space 1536K, 0% used [0x00000000eb300000,0x00000000eb300000,0x00000000eb480000)
 ParOldGen       total 64000K, used 1149K [0x00000000c0000000, 0x00000000c3e80000, 0x00000000eab00000)
  object space 64000K, 1% used [0x00000000c0000000,0x00000000c011f710,0x00000000c3e80000)
 Metaspace       used 5244K, capacity 6132K, committed 6400K, reserved 1056768K
  class space    used 669K, capacity 688K, committed 768K, reserved 1048576K
}
Event: 2.002 GC heap before
{Heap before GC invocations=9 (full 0):
 PSYoungGen      total 9728K, used 9266K [0x00000000eab00000, 0x00000000eb600000, 0x0000000100000000)
  eden space 8192K, 100% used [0x00000000eab00000,0x00000000eb300000,0x00000000eb300000)
  from space 1536K, 69% used [0x00000000eb480000,0x00000000eb58cb50,0x00000000eb600000)
  to   space 1536K, 0% used [0x00000000eb300000,0x00000000eb300000,0x00000000eb480000)
 ParOldGen       total 64000K, used 1149K [0x00000000c0000000, 0x00000000c3e80000, 0x00000000eab00000)
  object space 64000K, 1% used [0x00000000c0000000,0x00000000c011f710,0x00000000c3e80000)
 Metaspace       used 6436K, capacity 6772K, committed 7040K, reserved 1056768K
  class space    used 855K, capacity 880K, committed 896K, reserved 1048576K
Event: 2.028 GC heap after
Heap after GC invocations=9 (full 0):
 PSYoungGen      total 9728K, used 1461K [0x00000000eab00000, 0x00000000ebc00000, 0x0000000100000000)
  eden space 8192K, 0% used [0x00000000eab00000,0x00000000eab00000,0x00000000eb300000)
  from space 1536K, 95% used [0x00000000eb300000,0x00000000eb46d538,0x00000000eb480000)
  to   space 2048K, 0% used [0x00000000eba00000,0x00000000eba00000,0x00000000ebc00000)
 ParOldGen       total 64000K, used 1285K [0x00000000c0000000, 0x00000000c3e80000, 0x00000000eab00000)
  object space 64000K, 2% used [0x00000000c0000000,0x00000000c0141710,0x00000000c3e80000)
 Metaspace       used 6436K, capacity 6772K, committed 7040K, reserved 1056768K
  class space    used 855K, capacity 880K, committed 896K, reserved 1048576K
}
Event: 2.324 GC heap before
{Heap before GC invocations=10 (full 0):
 PSYoungGen      total 9728K, used 9653K [0x00000000eab00000, 0x00000000ebc00000, 0x0000000100000000)
  eden space 8192K, 100% used [0x00000000eab00000,0x00000000eb300000,0x00000000eb300000)
  from space 1536K, 95% used [0x00000000eb300000,0x00000000eb46d538,0x00000000eb480000)
  to   space 2048K, 0% used [0x00000000eba00000,0x00000000eba00000,0x00000000ebc00000)
 ParOldGen       total 64000K, used 1285K [0x00000000c0000000, 0x00000000c3e80000, 0x00000000eab00000)
  object space 64000K, 2% used [0x00000000c0000000,0x00000000c0141710,0x00000000c3e80000)
 Metaspace       used 6963K, capacity 7284K, committed 7424K, reserved 1056768K
  class space    used 932K, capacity 944K, committed 1024K, reserved 1048576K
Event: 2.329 GC heap after
Heap after GC invocations=10 (full 0):
 PSYoungGen      total 14336K, used 885K [0x00000000eab00000, 0x00000000ebb00000, 0x0000000100000000)
  eden space 13312K, 0% used [0x00000000eab00000,0x00000000eab00000,0x00000000eb800000)
  from space 1024K, 86% used [0x00000000eba00000,0x00000000ebadd510,0x00000000ebb00000)
  to   space 1536K, 0% used [0x00000000eb800000,0x00000000eb800000,0x00000000eb980000)
 ParOldGen       total 64000K, used 1765K [0x00000000c0000000, 0x00000000c3e80000, 0x00000000eab00000)
  object space 64000K, 2% used [0x00000000c0000000,0x00000000c01b9720,0x00000000c3e80000)
 Metaspace       used 6963K, capacity 7284K, committed 7424K, reserved 1056768K
  class space    used 932K, capacity 944K, committed 1024K, reserved 1048576K
}
Event: 3.415 GC heap before
{Heap before GC invocations=11 (full 0):
 PSYoungGen      total 14336K, used 14197K [0x00000000eab00000, 0x00000000ebb00000, 0x0000000100000000)
  eden space 13312K, 100% used [0x00000000eab00000,0x00000000eb800000,0x00000000eb800000)
  from space 1024K, 86% used [0x00000000eba00000,0x00000000ebadd510,0x00000000ebb00000)
  to   space 1536K, 0% used [0x00000000eb800000,0x00000000eb800000,0x00000000eb980000)
 ParOldGen       total 64000K, used 1765K [0x00000000c0000000, 0x00000000c3e80000, 0x00000000eab00000)
  object space 64000K, 2% used [0x00000000c0000000,0x00000000c01b9720,0x00000000c3e80000)
 Metaspace       used 7893K, capacity 8180K, committed 8320K, reserved 1056768K
  class space    used 1100K, capacity 1136K, committed 1152K, reserved 1048576K
Event: 3.491 GC heap after
Heap after GC invocations=11 (full 0):
 PSYoungGen      total 14848K, used 1536K [0x00000000eab00000, 0x00000000ec400000, 0x0000000100000000)
  eden space 13312K, 0% used [0x00000000eab00000,0x00000000eab00000,0x00000000eb800000)
  from space 1536K, 100% used [0x00000000eb800000,0x00000000eb980000,0x00000000eb980000)
  to   space 2048K, 0% used [0x00000000ec200000,0x00000000ec200000,0x00000000ec400000)
 ParOldGen       total 64000K, used 2690K [0x00000000c0000000, 0x00000000c3e80000, 0x00000000eab00000)
  object space 64000K, 4% used [0x00000000c0000000,0x00000000c02a0b90,0x00000000c3e80000)
 Metaspace       used 7893K, capacity 8180K, committed 8320K, reserved 1056768K
  class space    used 1100K, capacity 1136K, committed 1152K, reserved 1048576K
}

